<?xml version="1.0" encoding="UTF-8"?>
<testsuite name="com.detector.FileUploadControllerTest" tests="3" skipped="0" failures="0" errors="0" timestamp="2016-07-17T01:38:47" hostname="shivanand-PC" time="0.518">
  <properties/>
  <testcase name="handleFileUpload" classname="com.detector.FileUploadControllerTest" time="0.365"/>
  <testcase name="provideUploadInfo" classname="com.detector.FileUploadControllerTest" time="0.083"/>
  <testcase name="getFile" classname="com.detector.FileUploadControllerTest" time="0.069"/>
  <system-out><![CDATA[11:38:44.335 [Test worker] DEBUG org.springframework.test.context.junit4.SpringJUnit4ClassRunner - SpringJUnit4ClassRunner constructor called with [class com.detector.FileUploadControllerTest]
11:38:44.340 [Test worker] DEBUG org.springframework.test.context.BootstrapUtils - Instantiating CacheAwareContextLoaderDelegate from class [org.springframework.test.context.cache.DefaultCacheAwareContextLoaderDelegate]
11:38:44.346 [Test worker] DEBUG org.springframework.test.context.BootstrapUtils - Instantiating BootstrapContext using constructor [public org.springframework.test.context.support.DefaultBootstrapContext(java.lang.Class,org.springframework.test.context.CacheAwareContextLoaderDelegate)]
11:38:44.356 [Test worker] DEBUG org.springframework.test.context.BootstrapUtils - Instantiating TestContextBootstrapper for test class [com.detector.FileUploadControllerTest] from class [org.springframework.test.context.support.DefaultTestContextBootstrapper]
11:38:44.380 [Test worker] DEBUG org.springframework.test.context.support.DefaultTestContextBootstrapper - Found explicit ContextLoader class [org.springframework.boot.test.SpringApplicationContextLoader] for context configuration attributes [ContextConfigurationAttributes@33ef8e3 declaringClass = 'com.detector.AbstractTest', classes = '{class com.detector.Application}', locations = '{}', inheritLocations = true, initializers = '{}', inheritInitializers = true, name = [null], contextLoaderClass = 'org.springframework.boot.test.SpringApplicationContextLoader']
11:38:44.389 [Test worker] DEBUG org.springframework.test.context.support.AbstractContextLoader - Did not detect default resource location for test class [com.detector.AbstractTest]: class path resource [com/detector/AbstractTest-context.xml] does not exist
11:38:44.390 [Test worker] DEBUG org.springframework.test.context.support.AbstractContextLoader - Did not detect default resource location for test class [com.detector.AbstractTest]: class path resource [com/detector/AbstractTestContext.groovy] does not exist
11:38:44.391 [Test worker] INFO org.springframework.test.context.support.AbstractContextLoader - Could not detect default resource locations for test class [com.detector.AbstractTest]: no resource found for suffixes {-context.xml, Context.groovy}.
11:38:44.395 [Test worker] DEBUG org.springframework.test.context.support.ActiveProfilesUtils - Could not find an 'annotation declaring class' for annotation type [org.springframework.test.context.ActiveProfiles] and class [com.detector.FileUploadControllerTest]
11:38:44.400 [Test worker] DEBUG org.springframework.test.context.support.DefaultTestContextBootstrapper - @TestExecutionListeners is not present for class [com.detector.FileUploadControllerTest]: using defaults.
11:38:44.411 [Test worker] INFO org.springframework.test.context.support.DefaultTestContextBootstrapper - Loaded default TestExecutionListener class names from location [META-INF/spring.factories]: [org.springframework.test.context.web.ServletTestExecutionListener, org.springframework.test.context.support.DirtiesContextBeforeModesTestExecutionListener, org.springframework.test.context.support.DependencyInjectionTestExecutionListener, org.springframework.test.context.support.DirtiesContextTestExecutionListener, org.springframework.test.context.transaction.TransactionalTestExecutionListener, org.springframework.test.context.jdbc.SqlScriptsTestExecutionListener]
11:38:44.425 [Test worker] INFO org.springframework.test.context.support.DefaultTestContextBootstrapper - Could not instantiate TestExecutionListener [org.springframework.test.context.transaction.TransactionalTestExecutionListener]. Specify custom listener classes or make the default listener classes (and their required dependencies) available. Offending class: [org/springframework/transaction/interceptor/TransactionAttributeSource]
11:38:44.426 [Test worker] INFO org.springframework.test.context.support.DefaultTestContextBootstrapper - Could not instantiate TestExecutionListener [org.springframework.test.context.jdbc.SqlScriptsTestExecutionListener]. Specify custom listener classes or make the default listener classes (and their required dependencies) available. Offending class: [org/springframework/transaction/interceptor/TransactionAttribute]
11:38:44.429 [Test worker] INFO org.springframework.test.context.support.DefaultTestContextBootstrapper - Using TestExecutionListeners: [org.springframework.test.context.web.ServletTestExecutionListener@3890fc71, org.springframework.test.context.support.DirtiesContextBeforeModesTestExecutionListener@723b10a8, org.springframework.test.context.support.DependencyInjectionTestExecutionListener@556a6f35, org.springframework.test.context.support.DirtiesContextTestExecutionListener@2f369e09]
11:38:44.446 [Test worker] DEBUG org.springframework.test.annotation.ProfileValueUtils - Retrieved @ProfileValueSourceConfiguration [null] for test class [com.detector.FileUploadControllerTest]
11:38:44.447 [Test worker] DEBUG org.springframework.test.annotation.ProfileValueUtils - Retrieved ProfileValueSource type [class org.springframework.test.annotation.SystemProfileValueSource] for class [com.detector.FileUploadControllerTest]
11:38:44.449 [Test worker] DEBUG org.springframework.test.annotation.ProfileValueUtils - Retrieved @ProfileValueSourceConfiguration [null] for test class [com.detector.FileUploadControllerTest]
11:38:44.450 [Test worker] DEBUG org.springframework.test.annotation.ProfileValueUtils - Retrieved ProfileValueSource type [class org.springframework.test.annotation.SystemProfileValueSource] for class [com.detector.FileUploadControllerTest]
11:38:44.455 [Test worker] DEBUG org.springframework.test.context.support.AbstractDirtiesContextTestExecutionListener - Before test class: context [DefaultTestContext@94ff135 testClass = FileUploadControllerTest, testInstance = [null], testMethod = [null], testException = [null], mergedContextConfiguration = [MergedContextConfiguration@2c024eb4 testClass = FileUploadControllerTest, locations = '{}', classes = '{class com.detector.Application}', contextInitializerClasses = '[]', activeProfiles = '{}', propertySourceLocations = '{}', propertySourceProperties = '{}', contextLoader = 'org.springframework.boot.test.SpringApplicationContextLoader', parent = [null]]], class annotated with @DirtiesContext [false] with mode [null].
11:38:44.456 [Test worker] DEBUG org.springframework.test.annotation.ProfileValueUtils - Retrieved @ProfileValueSourceConfiguration [null] for test class [com.detector.FileUploadControllerTest]
11:38:44.456 [Test worker] DEBUG org.springframework.test.annotation.ProfileValueUtils - Retrieved ProfileValueSource type [class org.springframework.test.annotation.SystemProfileValueSource] for class [com.detector.FileUploadControllerTest]
11:38:44.459 [Test worker] DEBUG org.springframework.test.context.support.DependencyInjectionTestExecutionListener - Performing dependency injection for test context [[DefaultTestContext@94ff135 testClass = FileUploadControllerTest, testInstance = com.detector.FileUploadControllerTest@48217da1, testMethod = [null], testException = [null], mergedContextConfiguration = [MergedContextConfiguration@2c024eb4 testClass = FileUploadControllerTest, locations = '{}', classes = '{class com.detector.Application}', contextInitializerClasses = '[]', activeProfiles = '{}', propertySourceLocations = '{}', propertySourceProperties = '{}', contextLoader = 'org.springframework.boot.test.SpringApplicationContextLoader', parent = [null]]]].
11:38:44.534 [Test worker] DEBUG org.springframework.core.env.StandardEnvironment - Adding [systemProperties] PropertySource with lowest search precedence
11:38:44.535 [Test worker] DEBUG org.springframework.core.env.StandardEnvironment - Adding [systemEnvironment] PropertySource with lowest search precedence
11:38:44.536 [Test worker] DEBUG org.springframework.core.env.StandardEnvironment - Initialized StandardEnvironment with PropertySources [systemProperties,systemEnvironment]
11:38:44.538 [Test worker] DEBUG org.springframework.core.env.StandardEnvironment - Adding [integrationTest] PropertySource with search precedence immediately lower than [systemEnvironment]

  .   ____          _            __ _ _
 /\\ / ___'_ __ _ _(_)_ __  __ _ \ \ \ \
( ( )\___ | '_ | '_| | '_ \/ _` | \ \ \ \
 \\/  ___)| |_)| | | | | || (_| |  ) ) ) )
  '  |____| .__|_| |_|_| |_\__, | / / / /
 =========|_|==============|___/=/_/_/_/
 :: Spring Boot ::        (v1.3.6.RELEASE)

2016-07-17 11:38:44.965  INFO 5840 --- [    Test worker] com.detector.FileUploadControllerTest    : Starting FileUploadControllerTest on shivanand-PC with PID 5840 (E:\shiva\dev\springboot\LangDetector\build\classes\test started by shivanand in E:\shiva\dev\springboot\LangDetector)
2016-07-17 11:38:44.967  INFO 5840 --- [    Test worker] com.detector.FileUploadControllerTest    : No active profile set, falling back to default profiles: default
2016-07-17 11:38:45.355  INFO 5840 --- [    Test worker] s.c.a.AnnotationConfigApplicationContext : Refreshing org.springframework.context.annotation.AnnotationConfigApplicationContext@10930967: startup date [Sun Jul 17 11:38:45 AEST 2016]; root of context hierarchy
2016-07-17 11:38:47.678  INFO 5840 --- [    Test worker] com.detector.FileUploadControllerTest    : Started FileUploadControllerTest in 3.137 seconds (JVM running for 4.153)
2016-07-17 11:38:47.907  INFO 5840 --- [    Test worker] ilder$StaticRequestMappingHandlerMapping : Mapped "{[/{filename:.+}],methods=[GET]}" onto public org.springframework.http.ResponseEntity<?> com.detector.FileUploadController.getFile(java.lang.String)
2016-07-17 11:38:47.909  INFO 5840 --- [    Test worker] ilder$StaticRequestMappingHandlerMapping : Mapped "{[/],methods=[GET]}" onto public java.lang.String com.detector.FileUploadController.provideUploadInfo(org.springframework.ui.Model) throws java.io.IOException
2016-07-17 11:38:47.909  INFO 5840 --- [    Test worker] ilder$StaticRequestMappingHandlerMapping : Mapped "{[/],methods=[POST]}" onto public java.lang.String com.detector.FileUploadController.handleFileUpload(org.springframework.web.multipart.MultipartFile,org.springframework.web.servlet.mvc.support.RedirectAttributes)
2016-07-17 11:38:47.946  INFO 5840 --- [    Test worker] s.w.s.m.m.a.RequestMappingHandlerAdapter : Looking for @ControllerAdvice: org.springframework.test.web.servlet.setup.StubWebApplicationContext@4b3b9d82
2016-07-17 11:38:47.992  INFO 5840 --- [    Test worker] o.s.mock.web.MockServletContext          : Initializing Spring FrameworkServlet ''
2016-07-17 11:38:47.993  INFO 5840 --- [    Test worker] o.s.t.web.servlet.TestDispatcherServlet  : FrameworkServlet '': initialization started
2016-07-17 11:38:47.996  INFO 5840 --- [    Test worker] o.s.t.web.servlet.TestDispatcherServlet  : FrameworkServlet '': initialization completed in 3 ms
2016-07-17 11:38:48.061  INFO 5840 --- [    Test worker] ilder$StaticRequestMappingHandlerMapping : Mapped "{[/{filename:.+}],methods=[GET]}" onto public org.springframework.http.ResponseEntity<?> com.detector.FileUploadController.getFile(java.lang.String)
2016-07-17 11:38:48.062  INFO 5840 --- [    Test worker] ilder$StaticRequestMappingHandlerMapping : Mapped "{[/],methods=[GET]}" onto public java.lang.String com.detector.FileUploadController.provideUploadInfo(org.springframework.ui.Model) throws java.io.IOException
2016-07-17 11:38:48.063  INFO 5840 --- [    Test worker] ilder$StaticRequestMappingHandlerMapping : Mapped "{[/],methods=[POST]}" onto public java.lang.String com.detector.FileUploadController.handleFileUpload(org.springframework.web.multipart.MultipartFile,org.springframework.web.servlet.mvc.support.RedirectAttributes)
2016-07-17 11:38:48.076  INFO 5840 --- [    Test worker] s.w.s.m.m.a.RequestMappingHandlerAdapter : Looking for @ControllerAdvice: org.springframework.test.web.servlet.setup.StubWebApplicationContext@1bb4be6b
2016-07-17 11:38:48.081  INFO 5840 --- [    Test worker] o.s.mock.web.MockServletContext          : Initializing Spring FrameworkServlet ''
2016-07-17 11:38:48.082  INFO 5840 --- [    Test worker] o.s.t.web.servlet.TestDispatcherServlet  : FrameworkServlet '': initialization started
2016-07-17 11:38:48.082  INFO 5840 --- [    Test worker] o.s.t.web.servlet.TestDispatcherServlet  : FrameworkServlet '': initialization completed in 0 ms
2016-07-17 11:38:48.145  INFO 5840 --- [    Test worker] ilder$StaticRequestMappingHandlerMapping : Mapped "{[/{filename:.+}],methods=[GET]}" onto public org.springframework.http.ResponseEntity<?> com.detector.FileUploadController.getFile(java.lang.String)
2016-07-17 11:38:48.146  INFO 5840 --- [    Test worker] ilder$StaticRequestMappingHandlerMapping : Mapped "{[/],methods=[GET]}" onto public java.lang.String com.detector.FileUploadController.provideUploadInfo(org.springframework.ui.Model) throws java.io.IOException
2016-07-17 11:38:48.147  INFO 5840 --- [    Test worker] ilder$StaticRequestMappingHandlerMapping : Mapped "{[/],methods=[POST]}" onto public java.lang.String com.detector.FileUploadController.handleFileUpload(org.springframework.web.multipart.MultipartFile,org.springframework.web.servlet.mvc.support.RedirectAttributes)
2016-07-17 11:38:48.166  INFO 5840 --- [    Test worker] s.w.s.m.m.a.RequestMappingHandlerAdapter : Looking for @ControllerAdvice: org.springframework.test.web.servlet.setup.StubWebApplicationContext@c1b1d98
2016-07-17 11:38:48.172  INFO 5840 --- [    Test worker] o.s.mock.web.MockServletContext          : Initializing Spring FrameworkServlet ''
2016-07-17 11:38:48.173  INFO 5840 --- [    Test worker] o.s.t.web.servlet.TestDispatcherServlet  : FrameworkServlet '': initialization started
2016-07-17 11:38:48.174  INFO 5840 --- [    Test worker] o.s.t.web.servlet.TestDispatcherServlet  : FrameworkServlet '': initialization completed in 0 ms
]]></system-out>
  <system-err><![CDATA[]]></system-err>
</testsuite>
